Performing C SOURCE FILE Test CMAKE_HAVE_LIBC_PTHREAD failed with the following output:
Change Dir: /home/user/sda4/Desktop/myslam/build/CMakeFiles/CMakeTmp

Run Build Command(s):/usr/bin/make -f Makefile cmTC_088f1/fast && /usr/bin/make  -f CMakeFiles/cmTC_088f1.dir/build.make CMakeFiles/cmTC_088f1.dir/build
make[1]: Entering directory '/home/user/sda4/Desktop/myslam/build/CMakeFiles/CMakeTmp'
Building C object CMakeFiles/cmTC_088f1.dir/src.c.o
/usr/bin/cc -DCMAKE_HAVE_LIBC_PTHREAD   -o CMakeFiles/cmTC_088f1.dir/src.c.o -c /home/user/sda4/Desktop/myslam/build/CMakeFiles/CMakeTmp/src.c
Linking C executable cmTC_088f1
/usr/local/bin/cmake -E cmake_link_script CMakeFiles/cmTC_088f1.dir/link.txt --verbose=1
/usr/bin/cc -rdynamic CMakeFiles/cmTC_088f1.dir/src.c.o -o cmTC_088f1 
CMakeFiles/cmTC_088f1.dir/src.c.o: In function `main':
src.c:(.text+0x3c): undefined reference to `pthread_create'
src.c:(.text+0x48): undefined reference to `pthread_detach'
src.c:(.text+0x54): undefined reference to `pthread_cancel'
src.c:(.text+0x65): undefined reference to `pthread_join'
src.c:(.text+0x79): undefined reference to `pthread_atfork'
collect2: error: ld returned 1 exit status
CMakeFiles/cmTC_088f1.dir/build.make:98: recipe for target 'cmTC_088f1' failed
make[1]: *** [cmTC_088f1] Error 1
make[1]: Leaving directory '/home/user/sda4/Desktop/myslam/build/CMakeFiles/CMakeTmp'
Makefile:127: recipe for target 'cmTC_088f1/fast' failed
make: *** [cmTC_088f1/fast] Error 2


Source file was:
#include <pthread.h>

static void* test_func(void* data)
{
  return data;
}

int main(void)
{
  pthread_t thread;
  pthread_create(&thread, NULL, test_func, NULL);
  pthread_detach(thread);
  pthread_cancel(thread);
  pthread_join(thread, NULL);
  pthread_atfork(NULL, NULL, NULL);
  pthread_exit(NULL);

  return 0;
}

Determining if the function pthread_create exists in the pthreads failed with the following output:
Change Dir: /home/user/sda4/Desktop/myslam/build/CMakeFiles/CMakeTmp

Run Build Command(s):/usr/bin/make -f Makefile cmTC_eff18/fast && /usr/bin/make  -f CMakeFiles/cmTC_eff18.dir/build.make CMakeFiles/cmTC_eff18.dir/build
make[1]: Entering directory '/home/user/sda4/Desktop/myslam/build/CMakeFiles/CMakeTmp'
Building C object CMakeFiles/cmTC_eff18.dir/CheckFunctionExists.c.o
/usr/bin/cc   -DCHECK_FUNCTION_EXISTS=pthread_create -o CMakeFiles/cmTC_eff18.dir/CheckFunctionExists.c.o -c /usr/local/share/cmake-3.20/Modules/CheckFunctionExists.c
Linking C executable cmTC_eff18
/usr/local/bin/cmake -E cmake_link_script CMakeFiles/cmTC_eff18.dir/link.txt --verbose=1
/usr/bin/cc  -DCHECK_FUNCTION_EXISTS=pthread_create -rdynamic CMakeFiles/cmTC_eff18.dir/CheckFunctionExists.c.o -o cmTC_eff18  -lpthreads 
/usr/bin/ld: cannot find -lpthreads
collect2: error: ld returned 1 exit status
CMakeFiles/cmTC_eff18.dir/build.make:98: recipe for target 'cmTC_eff18' failed
make[1]: *** [cmTC_eff18] Error 1
make[1]: Leaving directory '/home/user/sda4/Desktop/myslam/build/CMakeFiles/CMakeTmp'
Makefile:127: recipe for target 'cmTC_eff18/fast' failed
make: *** [cmTC_eff18/fast] Error 2



